<?xml version="1.0" encoding="UTF-8"?>
<!-- Generated by org.testng.reporters.JUnitXMLReporter -->
<testsuite ignored="0" hostname="DESKTOP-RTGTF08" failures="6" tests="10" name="Regression" time="0.184" errors="0" timestamp="2021-11-07T13:14:01 IST">
  <testcase classname="com.qa.orange.tests.XmlFile" name="testMethod" time="0.007"/>
  <testcase classname="com.qa.orange.tests.Annotation" name="test1" time="0.004"/>
  <testcase classname="com.qa.orange.tests.Annotation" name="test2" time="0.003"/>
  <testcase classname="com.qa.orange.tests.Annotation" name="test3" time="0.007"/>
  <testcase classname="com.qa.orange.tests.AssertTypes" name="checkNumber" time="0.012">
    <failure type="java.lang.AssertionError" message="The following asserts failed:
	expected [true] but found [false]">
      <![CDATA[java.lang.AssertionError: The following asserts failed:
expected [true] but found [false]
at com.qa.orange.tests.AssertTypes.checkNumber(AssertTypes.java:61)
at java.base/java.util.ArrayList.forEach(ArrayList.java:1511)
... Removed 29 stack frames]]>
    </failure>
  </testcase> <!-- checkNumber -->
  <testcase classname="com.qa.orange.tests.AssertTypes" name="compareTwoString" time="0.005">
    <failure type="java.lang.AssertionError" message="The following asserts failed:
	expected [Selenium WebDriver] but found [WebDriver]">
      <![CDATA[java.lang.AssertionError: The following asserts failed:
expected [Selenium WebDriver] but found [WebDriver]
at com.qa.orange.tests.AssertTypes.compareTwoString(AssertTypes.java:44)
at java.base/java.util.ArrayList.forEach(ArrayList.java:1511)
... Removed 29 stack frames]]>
    </failure>
  </testcase> <!-- compareTwoString -->
  <testcase classname="com.qa.orange.tests.AssertVsVerify" name="checkNumber" time="0.004">
    <failure type="java.lang.AssertionError" message="expected [true] but found [false]">
      <![CDATA[java.lang.AssertionError: expected [true] but found [false]
at com.qa.orange.tests.AssertVsVerify.checkNumber(AssertVsVerify.java:75)
at java.base/java.util.ArrayList.forEach(ArrayList.java:1511)
... Removed 31 stack frames]]>
    </failure>
  </testcase> <!-- checkNumber -->
  <testcase classname="com.qa.orange.tests.AssertVsVerify" name="compareTwoString" time="0.001">
    <failure type="java.lang.AssertionError" message="expected [Web] but found [WebDriver]">
      <![CDATA[java.lang.AssertionError: expected [Web] but found [WebDriver]
at com.qa.orange.tests.AssertVsVerify.compareTwoString(AssertVsVerify.java:53)
at java.base/java.util.ArrayList.forEach(ArrayList.java:1511)
... Removed 33 stack frames]]>
    </failure>
  </testcase> <!-- compareTwoString -->
  <testcase classname="com.qa.orange.tests.TestRunner" name="checkNumber" time="0.003">
    <failure type="java.lang.AssertionError" message="expected [true] but found [false]">
      <![CDATA[java.lang.AssertionError: expected [true] but found [false]
at com.qa.orange.tests.TestRunner.checkNumber(TestRunner.java:26)
at java.base/java.util.ArrayList.forEach(ArrayList.java:1511)
... Removed 31 stack frames]]>
    </failure>
  </testcase> <!-- checkNumber -->
  <testcase classname="com.qa.orange.tests.TestRunner" name="compareTwoString" time="0.002">
    <failure type="java.lang.AssertionError" message="expected [Selenium WebDriver] but found [WebDriver]">
      <![CDATA[java.lang.AssertionError: expected [Selenium WebDriver] but found [WebDriver]
at com.qa.orange.tests.TestRunner.compareTwoString(TestRunner.java:17)
at java.base/java.util.ArrayList.forEach(ArrayList.java:1511)
... Removed 33 stack frames]]>
    </failure>
  </testcase> <!-- compareTwoString -->
</testsuite> <!-- Regression -->
