<?xml version="1.0" encoding="UTF-8"?>
<!-- Generated by org.testng.reporters.JUnitXMLReporter -->
<testsuite ignored="0" hostname="DESKTOP-RTGTF08" failures="1" tests="1" name="Login" time="0.059" errors="0" timestamp="2021-11-07T13:41:06 IST">
  <testcase classname="com.qa.orange.tests.LoginOrangeHrm" name="loginApp" time="0.0">
    <failure type="org.testng.TestNGException" message="
Parameter &amp;apos;A&amp;apos; is required by @Test on method loginApp but has not been marked @Optional or defined
in C:\Users\User\eclipse-workspace\JavaSeptemeber10Am\TestNGSeries\login.xml">
      <![CDATA[org.testng.TestNGException: 
Parameter 'A' is required by @Test on method loginApp but has not been marked @Optional or defined
in C:\Users\User\eclipse-workspace\JavaSeptemeber10Am\TestNGSeries\login.xml
at java.base/java.util.ArrayList.forEach(ArrayList.java:1511)
... Removed 26 stack frames]]>
    </failure>
  </testcase> <!-- loginApp -->
</testsuite> <!-- Login -->
